生成启动时间为 2014/3/18 9:13:02。
     1>项目“F:\project\cms-git-work\src\functionlibs\Turn\Turn.vcxproj”在节点 3 上(build 个目标)。
     1>InitializeBuildStatus:
         正在创建“F:\project\cms-git-work\vs project\Win32\Turn\Debug\Turn.unsuccessfulbuild”，因为已指定“AlwaysCreate”。
       ClCompile:
         C:\Program Files (x86)\Microsoft Visual Studio 10.0\VC\bin\CL.exe /c /I.\GeneratedFiles /I. /IC:\Qt\4.8.5\include /I.\GeneratedFiles\Debug /IC:\Qt\4.8.5\include\QtCore /I"F:\project\cms-git-work\vs project\..\include\\" /Zi /nologo /W1 /WX- /Od /Oy- /D UNICODE /D RUDPLIB_EXPORTS /D QT_DLL /D QT_CORE_LIB /D _WINDLL /Gm- /EHsc /MDd /GS /fp:precise /Zc:wchar_t- /Zc:forScope /Fo"F:\project\cms-git-work\vs project\Win32\Turn\Debug\\" /Fd"F:\project\cms-git-work\vs project\Win32\Turn\Debug\vc100.pdb" /Gd /TP /analyze- /errorReport:prompt ..\..\common\guid.cpp Turn.cpp dllmain.cpp
         guid.cpp
         Turn.cpp
         dllmain.cpp
         正在生成代码...
       Link:
         C:\Program Files (x86)\Microsoft Visual Studio 10.0\VC\bin\link.exe /ERRORREPORT:PROMPT /OUT:"F:\project\cms-git-work\vs project\..\libs\\Turn.dll" /NOLOGO /LIBPATH:C:\Qt\4.8.5\lib qtmaind.lib QtCored4.lib QtXmld4.lib QtNetworkd4.lib "F:\project\cms-git-work\vs project\..\libs\libpcom.lib" RudpLib.lib netlib.lib kernel32.lib user32.lib gdi32.lib winspool.lib comdlg32.lib advapi32.lib shell32.lib ole32.lib oleaut32.lib uuid.lib odbc32.lib odbccp32.lib /DEF:"Turn.def" /MANIFEST /ManifestFile:"F:\project\cms-git-work\vs project\Win32\Turn\Debug\Turn.dll.intermediate.manifest" /MANIFESTUAC:"level='asInvoker' uiAccess='false'" /DEBUG /PDB:"F:\project\cms-git-work\libs\Turn.pdb" /SUBSYSTEM:WINDOWS /TLBID:1 /DYNAMICBASE /NXCOMPAT /IMPLIB:"F:\project\cms-git-work\vs project\..\libs\Turn.lib" /MACHINE:X86 /DLL "F:\project\cms-git-work\vs project\Win32\Turn\Debug\guid.obj"
         "F:\project\cms-git-work\vs project\Win32\Turn\Debug\aes.obj"
         "F:\project\cms-git-work\vs project\Win32\Turn\Debug\dllmain.obj"
         "F:\project\cms-git-work\vs project\Win32\Turn\Debug\EseeXml.obj"
         "F:\project\cms-git-work\vs project\Win32\Turn\Debug\SoupXml.obj"
         "F:\project\cms-git-work\vs project\Win32\Turn\Debug\Turn.obj"
         netlib.lib(netlib.obj) : 找到 MSIL .netmodule 或使用 /GL 编译的模块；正在使用 /LTCG 重新启动链接；将 /LTCG 添加到链接命令行以改进链接器性能
            正在创建库 F:\project\cms-git-work\vs project\..\libs\Turn.lib 和对象 F:\project\cms-git-work\vs project\..\libs\Turn.exp
     1>LINK : warning LNK4098: 默认库“LIBCMT”与其他库的使用冲突；请使用 /NODEFAULTLIB:library
         正在生成代码
         已完成代码的生成
     1>netlib.lib(netlib.obj) : warning LNK4099: 未找到 PDB“vc100.pdb”(使用“netlib.lib(netlib.obj)”或在“F:\project\cms-git-work\libs\vc100.pdb”中寻找)；正在链接对象，如同没有调试信息一样
         Turn.vcxproj -> F:\project\cms-git-work\vs project\..\libs\Turn.dll
       Manifest:
         C:\Program Files (x86)\Microsoft SDKs\Windows\v7.0A\bin\mt.exe /nologo /verbose /outputresource:"F:\project\cms-git-work\vs project\..\libs\\Turn.dll;#2" /manifest "F:\project\cms-git-work\vs project\Win32\Turn\Debug\Turn.dll.intermediate.manifest"
       PostBuildEvent:
         copy  "F:\project\cms-git-work\vs project\..\libs\Turn.dll" "F:\project\cms-git-work\vs project\..\output\Debug\"
         :VCEnd
         已复制         1 个文件。
       FinalizeBuildStatus:
         正在删除文件“F:\project\cms-git-work\vs project\Win32\Turn\Debug\Turn.unsuccessfulbuild”。
         正在对“F:\project\cms-git-work\vs project\Win32\Turn\Debug\Turn.lastbuildstate”执行 Touch 任务。
     1>已完成生成项目“F:\project\cms-git-work\src\functionlibs\Turn\Turn.vcxproj”(build 个目标)的操作。

生成成功。

已用时间 00:00:14.67
