生成启动时间为 2014/3/18 10:18:22。
     1>项目“F:\project\cms-git-work\src\plugins\RecordPlayerPlugins\RecordPlayerPlugins.vcxproj”在节点 2 上(build 个目标)。
     1>InitializeBuildStatus:
         正在创建“F:\project\cms-git-work\vs project\Win32\RecordPlayerPlugins\Debug\RecordPlayerPlugins.unsuccessfulbuild”，因为已指定“AlwaysCreate”。
       CustomBuild:
         Moc'ing RecordPlayer.h...
       ClCompile:
         C:\Program Files (x86)\Microsoft Visual Studio 10.0\VC\bin\CL.exe /c /I.\GeneratedFiles /I. /IC:\Qt\4.8.5\include /I.\GeneratedFiles\Debug /IC:\Qt\4.8.5\include\QtCore /IC:\Qt\4.8.5\include\QtGui /IC:\Qt\4.8.5\include\QtWebKit /I"F:\project\cms-git-work\vs project\..\include\\" /Zi /nologo /W3 /WX- /Od /Oy- /D UNICODE /D WIN32 /D QT_DLL /D QT_CORE_LIB /D QT_GUI_LIB /D QT_WEBKIT_LIB /D PREVIEWWINDOWS_LIB /D _WINDLL /Gm- /EHsc /MDd /GS /fp:precise /Zc:wchar_t- /Zc:forScope /Fo"F:\project\cms-git-work\vs project\Win32\RecordPlayerPlugins\Debug\\" /Fd"F:\project\cms-git-work\vs project\Win32\RecordPlayerPlugins\Debug\vc100.pdb" /Gd /TP /analyze- /errorReport:prompt GeneratedFiles\Debug\moc_RecordPlayer.cpp GeneratedFiles\Debug\moc_RecordPlayerPlugins.cpp RecordPlayer.cpp RecordPlayerPlugins.cpp dllmain.cpp
         moc_RecordPlayer.cpp
         moc_RecordPlayerPlugins.cpp
         RecordPlayer.cpp
         RecordPlayerPlugins.cpp
         dllmain.cpp
         正在生成代码...
       Link:
         C:\Program Files (x86)\Microsoft Visual Studio 10.0\VC\bin\link.exe /ERRORREPORT:PROMPT /OUT:"F:\project\cms-git-work\vs project\..\libs\\RecordPlayerPlugins.dll" /NOLOGO /LIBPATH:C:\Qt\4.8.5\lib qtmaind.lib QtCored4.lib QtGuid4.lib QtWebKitd4.lib QtNetworkd4.lib QtXmld4.lib "F:\project\cms-git-work\vs project\..\libs\libpcom.lib" kernel32.lib user32.lib gdi32.lib winspool.lib comdlg32.lib advapi32.lib shell32.lib ole32.lib oleaut32.lib uuid.lib odbc32.lib odbccp32.lib /DEF:"RecordPlayerPlugins.def" /MANIFEST /ManifestFile:"F:\project\cms-git-work\vs project\Win32\RecordPlayerPlugins\Debug\RecordPlayerPlugins.dll.intermediate.manifest" /MANIFESTUAC:"level='asInvoker' uiAccess='false'" /DEBUG /PDB:"F:\project\cms-git-work\libs\RecordPlayerPlugins.pdb" /SUBSYSTEM:WINDOWS /TLBID:1 /DYNAMICBASE /NXCOMPAT /IMPLIB:"F:\project\cms-git-work\vs project\..\libs\RecordPlayerPlugins.lib" /MACHINE:X86 /DLL "F:\project\cms-git-work\vs project\Win32\RecordPlayerPlugins\Debug\guid.obj"
         "F:\project\cms-git-work\vs project\Win32\RecordPlayerPlugins\Debug\dllmain.obj"
         "F:\project\cms-git-work\vs project\Win32\RecordPlayerPlugins\Debug\moc_RecordPlayer.obj"
         "F:\project\cms-git-work\vs project\Win32\RecordPlayerPlugins\Debug\moc_RecordPlayerPlugins.obj"
         "F:\project\cms-git-work\vs project\Win32\RecordPlayerPlugins\Debug\moc_RecordPlayerView.obj"
         "F:\project\cms-git-work\vs project\Win32\RecordPlayerPlugins\Debug\RecordPlayer.obj"
         "F:\project\cms-git-work\vs project\Win32\RecordPlayerPlugins\Debug\RecordPlayerPlugins.obj"
         "F:\project\cms-git-work\vs project\Win32\RecordPlayerPlugins\Debug\RecordPlayerView.obj"
         LINK : 没有找到 F:\project\cms-git-work\vs project\..\libs\\RecordPlayerPlugins.dll 或上一个增量链接没有生成它；正在执行完全链接
            正在创建库 F:\project\cms-git-work\vs project\..\libs\RecordPlayerPlugins.lib 和对象 F:\project\cms-git-work\vs project\..\libs\RecordPlayerPlugins.exp
         RecordPlayerPlugins.vcxproj -> F:\project\cms-git-work\vs project\..\libs\RecordPlayerPlugins.dll
       Manifest:
         C:\Program Files (x86)\Microsoft SDKs\Windows\v7.0A\bin\mt.exe /nologo /verbose /outputresource:"F:\project\cms-git-work\vs project\..\libs\\RecordPlayerPlugins.dll;#2" /manifest "F:\project\cms-git-work\vs project\Win32\RecordPlayerPlugins\Debug\RecordPlayerPlugins.dll.intermediate.manifest"
       PostBuildEvent:
         copy  "F:\project\cms-git-work\vs project\..\libs\RecordPlayerPlugins.dll" "F:\project\cms-git-work\vs project\..\output\Debug\plugins"
         :VCEnd
         已复制         1 个文件。
       FinalizeBuildStatus:
         正在删除文件“F:\project\cms-git-work\vs project\Win32\RecordPlayerPlugins\Debug\RecordPlayerPlugins.unsuccessfulbuild”。
         正在对“F:\project\cms-git-work\vs project\Win32\RecordPlayerPlugins\Debug\RecordPlayerPlugins.lastbuildstate”执行 Touch 任务。
     1>已完成生成项目“F:\project\cms-git-work\src\plugins\RecordPlayerPlugins\RecordPlayerPlugins.vcxproj”(build 个目标)的操作。

生成成功。

已用时间 00:00:19.83
