生成启动时间为 2014/3/18 9:14:01。
     1>项目“F:\project\cms-git-work\src\activities\Settingsactivity\Settingsactivity.vcxproj”在节点 3 上(build 个目标)。
     1>InitializeBuildStatus:
         正在创建“F:\project\cms-git-work\vs project\Win32\Settingsactivity\Debug\Settingsactivity.unsuccessfulbuild”，因为已指定“AlwaysCreate”。
       CustomBuild:
         所有输出均为最新。
       ClCompile:
         C:\Program Files (x86)\Microsoft Visual Studio 10.0\VC\bin\CL.exe /c /I.\GeneratedFiles /I. /IC:\Qt\4.8.5\include /I.\GeneratedFiles\Debug /IC:\Qt\4.8.5\include\QtCore /I"F:\project\cms-git-work\vs project\..\include\\" /IC:\Qt\4.8.5\include\QtXml /Zi /nologo /W1 /WX- /Od /Oy- /D UNICODE /D WIN32 /D QT_DLL /D QT_CORE_LIB /D TESTACTIVITY_LIB /D _WINDLL /Gm- /EHsc /MDd /GS /fp:precise /Zc:wchar_t- /Zc:forScope /Fo"F:\project\cms-git-work\vs project\Win32\Settingsactivity\Debug\\" /Fd"F:\project\cms-git-work\vs project\Win32\Settingsactivity\Debug\vc100.pdb" /Gd /TP /analyze- /errorReport:prompt ..\..\common\guid.cpp GeneratedFiles\Debug\moc_settingsactivity.cpp dllmain.cpp settingsactivity.cpp
         guid.cpp
         moc_settingsactivity.cpp
         dllmain.cpp
         settingsactivity.cpp
         正在生成代码...
       Link:
         C:\Program Files (x86)\Microsoft Visual Studio 10.0\VC\bin\link.exe /ERRORREPORT:PROMPT /OUT:"F:\project\cms-git-work\vs project\..\libs\\Settingsactivity.dll" /NOLOGO /LIBPATH:C:\Qt\4.8.5\lib qtmaind.lib QtCored4.lib QtWebkitd4.lib QtGuid4.lib "F:\project\cms-git-work\vs project\..\libs\libpcom.lib" QtXmld4.lib kernel32.lib user32.lib gdi32.lib winspool.lib comdlg32.lib advapi32.lib shell32.lib ole32.lib oleaut32.lib uuid.lib odbc32.lib odbccp32.lib /DEF:"Settingsactivity.def" /MANIFEST /ManifestFile:"F:\project\cms-git-work\vs project\Win32\Settingsactivity\Debug\Settingsactivity.dll.intermediate.manifest" /MANIFESTUAC:"level='asInvoker' uiAccess='false'" /DEBUG /PDB:"F:\project\cms-git-work\libs\Settingsactivity.pdb" /SUBSYSTEM:WINDOWS /TLBID:1 /DYNAMICBASE /NXCOMPAT /IMPLIB:"F:\project\cms-git-work\vs project\..\libs\Settingsactivity.lib" /MACHINE:X86 /DLL "F:\project\cms-git-work\vs project\Win32\Settingsactivity\Debug\guid.obj"
         "F:\project\cms-git-work\vs project\Win32\Settingsactivity\Debug\dllmain.obj"
         "F:\project\cms-git-work\vs project\Win32\Settingsactivity\Debug\moc_qwfw.obj"
         "F:\project\cms-git-work\vs project\Win32\Settingsactivity\Debug\moc_settingsactivity.obj"
         "F:\project\cms-git-work\vs project\Win32\Settingsactivity\Debug\moc_SettingsactivityThread.obj"
         "F:\project\cms-git-work\vs project\Win32\Settingsactivity\Debug\settingsactivity.obj"
         "F:\project\cms-git-work\vs project\Win32\Settingsactivity\Debug\SettingsactivityThread.obj"
         LINK : 没有找到 F:\project\cms-git-work\vs project\..\libs\\Settingsactivity.dll 或上一个增量链接没有生成它；正在执行完全链接
            正在创建库 F:\project\cms-git-work\vs project\..\libs\Settingsactivity.lib 和对象 F:\project\cms-git-work\vs project\..\libs\Settingsactivity.exp
     1>Settingsactivity.exp : warning LNK4070: .EXP 中的 /OUT:testactivity.dll 指令与输出文件名“F:\project\cms-git-work\vs project\..\libs\\Settingsactivity.dll”不同；忽略指令
         Settingsactivity.vcxproj -> F:\project\cms-git-work\vs project\..\libs\Settingsactivity.dll
       Manifest:
         C:\Program Files (x86)\Microsoft SDKs\Windows\v7.0A\bin\mt.exe /nologo /verbose /outputresource:"F:\project\cms-git-work\vs project\..\libs\\Settingsactivity.dll;#2" /manifest "F:\project\cms-git-work\vs project\Win32\Settingsactivity\Debug\Settingsactivity.dll.intermediate.manifest"
       PostBuildEvent:
         copy  "F:\project\cms-git-work\vs project\..\libs\Settingsactivity.dll" "F:\project\cms-git-work\vs project\..\output\Debug\"
         :VCEnd
         已复制         1 个文件。
       FinalizeBuildStatus:
         正在删除文件“F:\project\cms-git-work\vs project\Win32\Settingsactivity\Debug\Settingsactivity.unsuccessfulbuild”。
         正在对“F:\project\cms-git-work\vs project\Win32\Settingsactivity\Debug\Settingsactivity.lastbuildstate”执行 Touch 任务。
     1>已完成生成项目“F:\project\cms-git-work\src\activities\Settingsactivity\Settingsactivity.vcxproj”(build 个目标)的操作。

生成成功。

已用时间 00:00:14.04
