生成启动时间为 2014/3/18 9:12:48。
     1>项目“F:\project\cms-git-work\src\plugins\commonlib\commonlib.vcxproj”在节点 2 上(build 个目标)。
     1>InitializeBuildStatus:
         正在创建“F:\project\cms-git-work\vs project\Win32\commonlib\Debug\commonlib.unsuccessfulbuild”，因为已指定“AlwaysCreate”。
       CustomBuild:
         Moc'ing qcommonplugin.h...
       ClCompile:
         C:\Program Files (x86)\Microsoft Visual Studio 10.0\VC\bin\CL.exe /c /I.\GeneratedFiles /I. /IC:\Qt\4.8.5\include /I.\GeneratedFiles\Debug /IC:\Qt\4.8.5\include\QtCore /IC:\Qt\4.8.5\include\QtSql /I"F:\project\cms-git-work\vs project\..\include\\" /IC:\Qt\4.8.5\lib /Zi /nologo /W1 /WX- /Od /Oy- /D UNICODE /D WIN32 /D QT_DLL /D QT_CORE_LIB /D QT_SQL_LIB /D COMMONLIB_LIB /D _WINDLL /Gm- /EHsc /MDd /GS /fp:precise /Zc:wchar_t- /Zc:forScope /Fo"F:\project\cms-git-work\vs project\Win32\commonlib\Debug\\" /Fd"F:\project\cms-git-work\vs project\Win32\commonlib\Debug\vc100.pdb" /Gd /TP /analyze- /errorReport:prompt ..\..\common\guid.cpp GeneratedFiles\Debug\moc_qcommonplugin.cpp ccommonlib.cpp dllmain.cpp qcommonplugin.cpp
         guid.cpp
         moc_qcommonplugin.cpp
         ccommonlib.cpp
         dllmain.cpp
         qcommonplugin.cpp
         正在生成代码...
       Link:
         C:\Program Files (x86)\Microsoft Visual Studio 10.0\VC\bin\link.exe /ERRORREPORT:PROMPT /OUT:"F:\project\cms-git-work\vs project\..\libs\\commonlib.dll" /NOLOGO /LIBPATH:C:\Qt\4.8.5\lib qtmaind.lib QtCored4.lib QtGuid4.lib QtWebkitd4.lib QtSqld4.lib "F:\project\cms-git-work\vs project\..\libs\libpcom.lib" "F:\project\cms-git-work\vs project\..\libs\DisksInfo.lib" kernel32.lib user32.lib gdi32.lib winspool.lib comdlg32.lib advapi32.lib shell32.lib ole32.lib oleaut32.lib uuid.lib odbc32.lib odbccp32.lib /DEF:"commonlib.def" /MANIFEST /ManifestFile:"F:\project\cms-git-work\vs project\Win32\commonlib\Debug\commonlib.dll.intermediate.manifest" /MANIFESTUAC:"level='asInvoker' uiAccess='false'" /DEBUG /PDB:"F:\project\cms-git-work\libs\commonlib.pdb" /SUBSYSTEM:WINDOWS /TLBID:1 /DYNAMICBASE /NXCOMPAT /IMPLIB:"F:\project\cms-git-work\vs project\..\libs\commonlib.lib" /MACHINE:X86 /DLL "F:\project\cms-git-work\vs project\Win32\commonlib\Debug\guid.obj"
         "F:\project\cms-git-work\vs project\Win32\commonlib\Debug\ccommonlib.obj"
         "F:\project\cms-git-work\vs project\Win32\commonlib\Debug\dllmain.obj"
         "F:\project\cms-git-work\vs project\Win32\commonlib\Debug\moc_qcommonplugin.obj"
         "F:\project\cms-git-work\vs project\Win32\commonlib\Debug\qcommonplugin.obj"
         LINK : 没有找到 F:\project\cms-git-work\vs project\..\libs\\commonlib.dll 或上一个增量链接没有生成它；正在执行完全链接
            正在创建库 F:\project\cms-git-work\vs project\..\libs\commonlib.lib 和对象 F:\project\cms-git-work\vs project\..\libs\commonlib.exp
     1>DisksInfo.lib(DisksInfo.obj) : warning LNK4099: 未找到 PDB“vc100.pdb”(使用“DisksInfo.lib(DisksInfo.obj)”或在“F:\project\cms-git-work\libs\vc100.pdb”中寻找)；正在链接对象，如同没有调试信息一样
         commonlib.vcxproj -> F:\project\cms-git-work\vs project\..\libs\commonlib.dll
       Manifest:
         C:\Program Files (x86)\Microsoft SDKs\Windows\v7.0A\bin\mt.exe /nologo /verbose /outputresource:"F:\project\cms-git-work\vs project\..\libs\\commonlib.dll;#2" /manifest "F:\project\cms-git-work\vs project\Win32\commonlib\Debug\commonlib.dll.intermediate.manifest"
       PostBuildEvent:
         copy  "F:\project\cms-git-work\vs project\..\libs\commonlib.dll" "F:\project\cms-git-work\vs project\..\output\Debug\plugins"
         :VCEnd
         已复制         1 个文件。
       FinalizeBuildStatus:
         正在删除文件“F:\project\cms-git-work\vs project\Win32\commonlib\Debug\commonlib.unsuccessfulbuild”。
         正在对“F:\project\cms-git-work\vs project\Win32\commonlib\Debug\commonlib.lastbuildstate”执行 Touch 任务。
     1>已完成生成项目“F:\project\cms-git-work\src\plugins\commonlib\commonlib.vcxproj”(build 个目标)的操作。

生成成功。

已用时间 00:00:19.33
