生成启动时间为 2014/3/18 9:13:37。
     1>项目“F:\project\cms-git-work\src\plugins\QtQWebViewPlugin\QtQWebViewPlugin.vcxproj”在节点 2 上(build 个目标)。
     1>C:\Program Files (x86)\MSBuild\Microsoft.Cpp\v4.0\Microsoft.CppBuild.targets(298,5): warning MSB8004: Intermediate 目录未以斜杠结尾。此生成实例将添加斜杠，因为必须有这个斜杠才能正确计算 Intermediate 目录。
     1>InitializeBuildStatus:
         正在创建“F:\project\cms-git-work\vs project\Win32\QtQWebViewPlugin\Debug\QtQWebViewPlugin.unsuccessfulbuild”，因为已指定“AlwaysCreate”。
       CustomBuild:
         所有输出均为最新。
       ClCompile:
         C:\Program Files (x86)\Microsoft Visual Studio 10.0\VC\bin\CL.exe /c /I.\GeneratedFiles /I. /IC:\Qt\4.8.5\include /I.\GeneratedFiles\Debug /IC:\Qt\4.8.5\include\QtCore /IC:\Qt\4.8.5\include\QtWebKit /IC:\Qt\4.8.5\include\QtGui /I"F:\project\cms-git-work\vs project\..\include\\" /IC:\Qt\4.8.5\include\QtXml /Zi /nologo /W1 /WX- /Od /Oy- /D UNICODE /D WIN32 /D QT_DLL /D QT_CORE_LIB /D QT_WEBKIT_LIB /D QTQWEBVIEWPLUGIN_LIB /D _WINDLL /Gm- /EHsc /MDd /GS /fp:precise /Zc:wchar_t- /Zc:forScope /Fo"F:\project\cms-git-work\vs project\Win32\QtQWebViewPlugin\Debug\\" /Fd"F:\project\cms-git-work\vs project\Win32\QtQWebViewPlugin\Debug\vc100.pdb" /Gd /TP /analyze- /errorReport:prompt ..\..\QTTest\webkitpluginsfactory.cpp ..\..\common\guid.cpp GeneratedFiles\Debug\moc_QtQWebView.cpp GeneratedFiles\Debug\moc_SubWebView.cpp QtQWebView.cpp SubWebView.cpp dllmain.cpp qtqwebviewplugin.cpp
         webkitpluginsfactory.cpp
         guid.cpp
         moc_QtQWebView.cpp
         moc_SubWebView.cpp
         QtQWebView.cpp
         SubWebView.cpp
         dllmain.cpp
         qtqwebviewplugin.cpp
         正在生成代码...
       Link:
         C:\Program Files (x86)\Microsoft Visual Studio 10.0\VC\bin\link.exe /ERRORREPORT:PROMPT /OUT:"F:\project\cms-git-work\vs project\..\libs\\QtQWebViewPlugin.dll" /NOLOGO /LIBPATH:C:\Qt\4.8.5\lib qtmaind.lib QtCored4.lib QtWebKitd4.lib QtTestd4.lib "F:\project\cms-git-work\vs project\..\libs\libpcom.lib" C:\Qt\4.8.5\lib\QtXmld4.lib C:\Qt\4.8.5\lib\QtGuid4.lib QtXmld4.lib kernel32.lib user32.lib gdi32.lib winspool.lib comdlg32.lib advapi32.lib shell32.lib ole32.lib oleaut32.lib uuid.lib odbc32.lib odbccp32.lib /DEF:"QtQWebViewPlugin.def" /MANIFEST /ManifestFile:"F:\project\cms-git-work\vs project\Win32\QtQWebViewPlugin\Debug\QtQWebViewPlugin.dll.intermediate.manifest" /MANIFESTUAC:"level='asInvoker' uiAccess='false'" /DEBUG /PDB:"F:\project\cms-git-work\libs\QtQWebViewPlugin.pdb" /SUBSYSTEM:WINDOWS /TLBID:1 /DYNAMICBASE /NXCOMPAT /IMPLIB:"F:\project\cms-git-work\vs project\..\libs\QtQWebViewPlugin.lib" /MACHINE:X86 /DLL "F:\project\cms-git-work\vs project\Win32\QtQWebViewPlugin\Debug\guid.obj"
         "F:\project\cms-git-work\vs project\Win32\QtQWebViewPlugin\Debug\webkitpluginsfactory.obj"
         "F:\project\cms-git-work\vs project\Win32\QtQWebViewPlugin\Debug\dllmain.obj"
         "F:\project\cms-git-work\vs project\Win32\QtQWebViewPlugin\Debug\moc_QtQWebView.obj"
         "F:\project\cms-git-work\vs project\Win32\QtQWebViewPlugin\Debug\moc_SubWebView.obj"
         "F:\project\cms-git-work\vs project\Win32\QtQWebViewPlugin\Debug\moc_webkitpluginsfactory.obj"
         "F:\project\cms-git-work\vs project\Win32\QtQWebViewPlugin\Debug\QtQWebView.obj"
         "F:\project\cms-git-work\vs project\Win32\QtQWebViewPlugin\Debug\qtqwebviewplugin.obj"
         "F:\project\cms-git-work\vs project\Win32\QtQWebViewPlugin\Debug\SubWebView.obj"
         LINK : 没有找到 F:\project\cms-git-work\vs project\..\libs\\QtQWebViewPlugin.dll 或上一个增量链接没有生成它；正在执行完全链接
            正在创建库 F:\project\cms-git-work\vs project\..\libs\QtQWebViewPlugin.lib 和对象 F:\project\cms-git-work\vs project\..\libs\QtQWebViewPlugin.exp
         QtQWebViewPlugin.vcxproj -> F:\project\cms-git-work\vs project\..\libs\QtQWebViewPlugin.dll
       Manifest:
         C:\Program Files (x86)\Microsoft SDKs\Windows\v7.0A\bin\mt.exe /nologo /verbose /outputresource:"F:\project\cms-git-work\vs project\..\libs\\QtQWebViewPlugin.dll;#2" /manifest "F:\project\cms-git-work\vs project\Win32\QtQWebViewPlugin\Debug\QtQWebViewPlugin.dll.intermediate.manifest"
       PostBuildEvent:
         copy  "F:\project\cms-git-work\vs project\..\libs\QtQWebViewPlugin.dll" "F:\project\cms-git-work\vs project\..\output\Debug\plugins"
         :VCEnd
         已复制         1 个文件。
       FinalizeBuildStatus:
         正在删除文件“F:\project\cms-git-work\vs project\Win32\QtQWebViewPlugin\Debug\QtQWebViewPlugin.unsuccessfulbuild”。
         正在对“F:\project\cms-git-work\vs project\Win32\QtQWebViewPlugin\Debug\QtQWebViewPlugin.lastbuildstate”执行 Touch 任务。
     1>已完成生成项目“F:\project\cms-git-work\src\plugins\QtQWebViewPlugin\QtQWebViewPlugin.vcxproj”(build 个目标)的操作。

生成成功。

已用时间 00:00:11.98
