生成启动时间为 2014/3/18 9:12:16。
     1>项目“F:\project\cms-git-work\src\functionlibs\BubbleProtocol\BubbleProtocol.vcxproj”在节点 4 上(build 个目标)。
     1>InitializeBuildStatus:
         正在创建“F:\project\cms-git-work\vs project\Win32\BubbleProtocol\Debug\BubbleProtocol.unsuccessfulbuild”，因为已指定“AlwaysCreate”。
       ComputeCustomBuildOutput:
         正在创建目录“F:\project\cms-git-work\src\functionlibs\BubbleProtocol\GeneratedFiles\Debug\”。
       CustomBuild:
         Moc'ing StreamProcess.h...
         Moc'ing BubbleProtocol.h...
       ClCompile:
         C:\Program Files (x86)\Microsoft Visual Studio 10.0\VC\bin\CL.exe /c /I.\GeneratedFiles /I. /IC:\Qt\4.8.5\include /I.\GeneratedFiles\Debug /IC:\Qt\4.8.5\include\QtCore /IC:\Qt\4.8.5\include\QtNetwork /I"F:\project\cms-git-work\vs project\..\include\\" /IC:\Qt\4.8.5\include\QtXml /IC:\Qt\4.8.5\include\QtGui /Zi /nologo /W3 /WX- /Od /Oy- /D UNICODE /D WIN32 /D QT_DLL /D QT_CORE_LIB /D QT_NETWORK_LIB /D BUBBLEPROTOCOL_LIB /D QT_XML_LIB /D QT_GUI_LIB /D _WINDLL /Gm- /EHsc /MDd /GS /fp:precise /Zc:wchar_t- /Zc:forScope /Fo"F:\project\cms-git-work\vs project\Win32\BubbleProtocol\Debug\\" /Fd"F:\project\cms-git-work\vs project\Win32\BubbleProtocol\Debug\vc100.pdb" /Gd /TP /analyze- /errorReport:prompt ..\..\common\guid.cpp BubbleProtocol.cpp GeneratedFiles\Debug\moc_BubbleProtocol.cpp GeneratedFiles\Debug\moc_StreamProcess.cpp StreamProcess.cpp dllmain.cpp
         guid.cpp
         BubbleProtocol.cpp
         moc_BubbleProtocol.cpp
         moc_StreamProcess.cpp
         StreamProcess.cpp
     1>StreamProcess.cpp(246): warning C4018: “>=”: 有符号/无符号不匹配
     1>StreamProcess.cpp(255): warning C4018: “>=”: 有符号/无符号不匹配
     1>StreamProcess.cpp(272): warning C4018: “>=”: 有符号/无符号不匹配
     1>StreamProcess.cpp(368): warning C4018: “>=”: 有符号/无符号不匹配
         dllmain.cpp
         正在生成代码...
       Link:
         C:\Program Files (x86)\Microsoft Visual Studio 10.0\VC\bin\link.exe /ERRORREPORT:PROMPT /OUT:"F:\project\cms-git-work\vs project\..\libs\\BubbleProtocol.dll" /NOLOGO /LIBPATH:C:\Qt\4.8.5\lib /LIBPATH:"F:\project\cms-git-work\vs project\HtmlUI.sln\..\libs" qtmaind.lib QtCored4.lib QtNetworkd4.lib QtGuid4.lib "F:\project\cms-git-work\vs project\..\libs\libpcom.lib" QtXmld4.lib kernel32.lib user32.lib gdi32.lib winspool.lib comdlg32.lib advapi32.lib shell32.lib ole32.lib oleaut32.lib uuid.lib odbc32.lib odbccp32.lib /DEF:"BubbleProtocol.def" /MANIFEST /ManifestFile:"F:\project\cms-git-work\vs project\Win32\BubbleProtocol\Debug\BubbleProtocol.dll.intermediate.manifest" /MANIFESTUAC:"level='asInvoker' uiAccess='false'" /DEBUG /PDB:"F:\project\cms-git-work\libs\BubbleProtocol.pdb" /SUBSYSTEM:WINDOWS /TLBID:1 /DYNAMICBASE /NXCOMPAT /IMPLIB:"F:\project\cms-git-work\vs project\..\libs\BubbleProtocol.lib" /MACHINE:X86 /DLL "F:\project\cms-git-work\vs project\Win32\BubbleProtocol\Debug\guid.obj"
         "F:\project\cms-git-work\vs project\Win32\BubbleProtocol\Debug\dllmain.obj"
         "F:\project\cms-git-work\vs project\Win32\BubbleProtocol\Debug\moc_BubbleProtocol.obj"
         "F:\project\cms-git-work\vs project\Win32\BubbleProtocol\Debug\moc_StreamProcess.obj"
         "F:\project\cms-git-work\vs project\Win32\BubbleProtocol\Debug\GlobalSettings.obj"
         "F:\project\cms-git-work\vs project\Win32\BubbleProtocol\Debug\h264wh.obj"
         "F:\project\cms-git-work\vs project\Win32\BubbleProtocol\Debug\BubbleProtocol.obj"
         "F:\project\cms-git-work\vs project\Win32\BubbleProtocol\Debug\StreamProcess.obj"
         LINK : 没有找到 F:\project\cms-git-work\vs project\..\libs\\BubbleProtocol.dll 或上一个增量链接没有生成它；正在执行完全链接
            正在创建库 F:\project\cms-git-work\vs project\..\libs\BubbleProtocol.lib 和对象 F:\project\cms-git-work\vs project\..\libs\BubbleProtocol.exp
         BubbleProtocol.vcxproj -> F:\project\cms-git-work\vs project\..\libs\BubbleProtocol.dll
       Manifest:
         C:\Program Files (x86)\Microsoft SDKs\Windows\v7.0A\bin\mt.exe /nologo /verbose /outputresource:"F:\project\cms-git-work\vs project\..\libs\\BubbleProtocol.dll;#2" /manifest "F:\project\cms-git-work\vs project\Win32\BubbleProtocol\Debug\BubbleProtocol.dll.intermediate.manifest"
       PostBuildEvent:
         copy  "F:\project\cms-git-work\vs project\..\libs\BubbleProtocol.dll" "F:\project\cms-git-work\vs project\..\output\Debug"
         :VCEnd
         已复制         1 个文件。
       FinalizeBuildStatus:
         正在删除文件“F:\project\cms-git-work\vs project\Win32\BubbleProtocol\Debug\BubbleProtocol.unsuccessfulbuild”。
         正在对“F:\project\cms-git-work\vs project\Win32\BubbleProtocol\Debug\BubbleProtocol.lastbuildstate”执行 Touch 任务。
     1>已完成生成项目“F:\project\cms-git-work\src\functionlibs\BubbleProtocol\BubbleProtocol.vcxproj”(build 个目标)的操作。

生成成功。

已用时间 00:00:31.51
