生成启动时间为 2014/3/18 9:12:16。
     1>项目“F:\project\cms-git-work\src\functionlibs\DDrawRenderObject\DDrawRenderObject.vcxproj”在节点 3 上(build 个目标)。
     1>InitializeBuildStatus:
         正在创建“F:\project\cms-git-work\vs project\Win32\DDrawRenderObject\Debug\DDrawRenderObject.unsuccessfulbuild”，因为已指定“AlwaysCreate”。
       ClCompile:
         所有输出均为最新。
         所有输出均为最新。
         所有输出均为最新。
       ManifestResourceCompile:
         所有输出均为最新。
       Link:
         C:\Program Files (x86)\Microsoft Visual Studio 10.0\VC\bin\link.exe /ERRORREPORT:PROMPT /OUT:"F:\project\cms-git-work\vs project\..\libs\DDrawRenderObject.dll" /INCREMENTAL /NOLOGO "F:\project\cms-git-work\vs project\..\libs\dxguid.lib" "F:\project\cms-git-work\vs project\..\libs\ddraw.lib" kernel32.lib user32.lib gdi32.lib winspool.lib comdlg32.lib advapi32.lib shell32.lib ole32.lib oleaut32.lib uuid.lib odbc32.lib odbccp32.lib /DEF:"export.def" /MANIFEST /ManifestFile:"F:\project\cms-git-work\vs project\Win32\DDrawRenderObject\Debug\DDrawRenderObject.dll.intermediate.manifest" /MANIFESTUAC:"level='asInvoker' uiAccess='false'" /DEBUG /PDB:"F:\project\cms-git-work\libs\DDrawRenderObject.pdb" /SUBSYSTEM:WINDOWS /TLBID:1 /DYNAMICBASE /NXCOMPAT /IMPLIB:"F:\project\cms-git-work\vs project\..\libs\DDrawRenderObject.lib" /MACHINE:X86 /DLL "F:\project\cms-git-work\vs project\Win32\DDrawRenderObject\Debug\DDrawRenderObject.dll.embed.manifest.res"
         "F:\project\cms-git-work\vs project\Win32\DDrawRenderObject\Debug\DDMutex.obj"
         "F:\project\cms-git-work\vs project\Win32\DDrawRenderObject\Debug\DDrawRenderObject.obj"
         "F:\project\cms-git-work\vs project\Win32\DDrawRenderObject\Debug\dllmain.obj"
         "F:\project\cms-git-work\vs project\Win32\DDrawRenderObject\Debug\stdafx.obj"
            正在创建库 F:\project\cms-git-work\vs project\..\libs\DDrawRenderObject.lib 和对象 F:\project\cms-git-work\vs project\..\libs\DDrawRenderObject.exp
       Manifest:
         C:\Program Files (x86)\Microsoft SDKs\Windows\v7.0A\bin\mt.exe /nologo /verbose /out:"F:\project\cms-git-work\vs project\Win32\DDrawRenderObject\Debug\DDrawRenderObject.dll.embed.manifest" /manifest "F:\project\cms-git-work\vs project\Win32\DDrawRenderObject\Debug\DDrawRenderObject.dll.intermediate.manifest"
         所有输出均为最新。
       LinkEmbedManifest:
         所有输出均为最新。
         DDrawRenderObject.vcxproj -> F:\project\cms-git-work\vs project\..\libs\DDrawRenderObject.dll
       PostBuildEvent:
         copy  "F:\project\cms-git-work\vs project\..\libs\DDrawRenderObject.dll" "F:\project\cms-git-work\vs project\..\output\Debug\"
         :VCEnd
         已复制         1 个文件。
       FinalizeBuildStatus:
         正在删除文件“F:\project\cms-git-work\vs project\Win32\DDrawRenderObject\Debug\DDrawRenderObject.unsuccessfulbuild”。
         正在对“F:\project\cms-git-work\vs project\Win32\DDrawRenderObject\Debug\DDrawRenderObject.lastbuildstate”执行 Touch 任务。
     1>已完成生成项目“F:\project\cms-git-work\src\functionlibs\DDrawRenderObject\DDrawRenderObject.vcxproj”(build 个目标)的操作。

生成成功。

已用时间 00:00:06.53
