生成启动时间为 2014/3/18 9:13:56。
     1>项目“F:\project\cms-git-work\src\plugins\PreviewWindows\PreviewWindows.vcxproj”在节点 2 上(build 个目标)。
     1>InitializeBuildStatus:
         正在创建“F:\project\cms-git-work\vs project\Win32\PreviewWindows\Debug\PreviewWindows.unsuccessfulbuild”，因为已指定“AlwaysCreate”。
       CustomBuild:
         Moc'ing qsubview.h...
       ClCompile:
         C:\Program Files (x86)\Microsoft Visual Studio 10.0\VC\bin\CL.exe /c /I.\GeneratedFiles /I. /IC:\Qt\4.8.5\include /I.\GeneratedFiles\Debug /IC:\Qt\4.8.5\include\QtCore /IC:\Qt\4.8.5\include\QtGui /IC:\Qt\4.8.5\include\QtWebKit /I"F:\project\cms-git-work\vs project\..\include\\" /Zi /nologo /W1 /WX- /Od /Oy- /D UNICODE /D WIN32 /D QT_DLL /D QT_CORE_LIB /D QT_GUI_LIB /D QT_WEBKIT_LIB /D PREVIEWWINDOWS_LIB /D _WINDLL /Gm- /EHsc /MDd /GS /fp:precise /Zc:wchar_t- /Zc:forScope /Fo"F:\project\cms-git-work\vs project\Win32\PreviewWindows\Debug\\" /Fd"F:\project\cms-git-work\vs project\Win32\PreviewWindows\Debug\vc100.pdb" /Gd /TP /analyze- /errorReport:prompt ..\..\common\guid.cpp GeneratedFiles\Debug\moc_QSubViewObject.cpp GeneratedFiles\Debug\moc_QSubviewThread.cpp GeneratedFiles\Debug\moc_previewwindows.cpp GeneratedFiles\Debug\moc_qpreviewwindows.cpp GeneratedFiles\Debug\moc_qsubview.cpp QSubViewObject.cpp QSubviewThread.cpp dllmain.cpp previewwindows.cpp qpreviewwindows.cpp qsubview.cpp
         guid.cpp
         moc_QSubViewObject.cpp
         moc_QSubviewThread.cpp
         moc_previewwindows.cpp
         moc_qpreviewwindows.cpp
         moc_qsubview.cpp
         QSubViewObject.cpp
         QSubviewThread.cpp
         dllmain.cpp
         previewwindows.cpp
         qpreviewwindows.cpp
         qsubview.cpp
     1>qsubview.cpp(958): warning C4482: 使用了非标准扩展: 限定名中使用了枚举“QSubView::__enQSubViewConnectStatus”
         正在生成代码...
       Link:
         C:\Program Files (x86)\Microsoft Visual Studio 10.0\VC\bin\link.exe /ERRORREPORT:PROMPT /OUT:"F:\project\cms-git-work\vs project\..\libs\\PreviewWindows.dll" /NOLOGO /LIBPATH:C:\Qt\4.8.5\lib qtmaind.lib QtCored4.lib QtGuid4.lib QtWebKitd4.lib QtXmld4.lib "F:\project\cms-git-work\vs project\..\libs\libpcom.lib" kernel32.lib user32.lib gdi32.lib winspool.lib comdlg32.lib advapi32.lib shell32.lib ole32.lib oleaut32.lib uuid.lib odbc32.lib odbccp32.lib /DEF:"PreviewWindows.def" /MANIFEST /ManifestFile:"F:\project\cms-git-work\vs project\Win32\PreviewWindows\Debug\PreviewWindows.dll.intermediate.manifest" /MANIFESTUAC:"level='asInvoker' uiAccess='false'" /DEBUG /PDB:"F:\project\cms-git-work\libs\PreviewWindows.pdb" /SUBSYSTEM:WINDOWS /TLBID:1 /DYNAMICBASE /NXCOMPAT /IMPLIB:"F:\project\cms-git-work\vs project\..\libs\PreviewWindows.lib" /MACHINE:X86 /DLL "F:\project\cms-git-work\vs project\Win32\PreviewWindows\Debug\guid.obj"
         "F:\project\cms-git-work\vs project\Win32\PreviewWindows\Debug\dllmain.obj"
         "F:\project\cms-git-work\vs project\Win32\PreviewWindows\Debug\moc_ManageWidget.obj"
         "F:\project\cms-git-work\vs project\Win32\PreviewWindows\Debug\moc_previewwindows.obj"
         "F:\project\cms-git-work\vs project\Win32\PreviewWindows\Debug\moc_qpreviewwindows.obj"
         "F:\project\cms-git-work\vs project\Win32\PreviewWindows\Debug\moc_qsubview.obj"
         "F:\project\cms-git-work\vs project\Win32\PreviewWindows\Debug\moc_QSubViewObject.obj"
         "F:\project\cms-git-work\vs project\Win32\PreviewWindows\Debug\moc_QSubviewThread.obj"
         "F:\project\cms-git-work\vs project\Win32\PreviewWindows\Debug\ManageWidget.obj"
         "F:\project\cms-git-work\vs project\Win32\PreviewWindows\Debug\previewwindows.obj"
         "F:\project\cms-git-work\vs project\Win32\PreviewWindows\Debug\PreviewWindowsGlobalSetting.obj"
         "F:\project\cms-git-work\vs project\Win32\PreviewWindows\Debug\qpreviewwindows.obj"
         "F:\project\cms-git-work\vs project\Win32\PreviewWindows\Debug\Qqwidget.obj"
         "F:\project\cms-git-work\vs project\Win32\PreviewWindows\Debug\qsubview.obj"
         "F:\project\cms-git-work\vs project\Win32\PreviewWindows\Debug\QSubViewObject.obj"
         "F:\project\cms-git-work\vs project\Win32\PreviewWindows\Debug\QSubviewThread.obj"
         "F:\project\cms-git-work\vs project\Win32\PreviewWindows\Debug\widgetforvideo.obj"
         LINK : 没有找到 F:\project\cms-git-work\vs project\..\libs\\PreviewWindows.dll 或上一个增量链接没有生成它；正在执行完全链接
            正在创建库 F:\project\cms-git-work\vs project\..\libs\PreviewWindows.lib 和对象 F:\project\cms-git-work\vs project\..\libs\PreviewWindows.exp
         PreviewWindows.vcxproj -> F:\project\cms-git-work\vs project\..\libs\PreviewWindows.dll
       Manifest:
         C:\Program Files (x86)\Microsoft SDKs\Windows\v7.0A\bin\mt.exe /nologo /verbose /outputresource:"F:\project\cms-git-work\vs project\..\libs\\PreviewWindows.dll;#2" /manifest "F:\project\cms-git-work\vs project\Win32\PreviewWindows\Debug\PreviewWindows.dll.intermediate.manifest"
       PostBuildEvent:
         copy  "F:\project\cms-git-work\vs project\..\libs\PreviewWindows.dll" "F:\project\cms-git-work\vs project\..\output\Debug\plugins"
         :VCEnd
         已复制         1 个文件。
       FinalizeBuildStatus:
         正在删除文件“F:\project\cms-git-work\vs project\Win32\PreviewWindows\Debug\PreviewWindows.unsuccessfulbuild”。
         正在对“F:\project\cms-git-work\vs project\Win32\PreviewWindows\Debug\PreviewWindows.lastbuildstate”执行 Touch 任务。
     1>已完成生成项目“F:\project\cms-git-work\src\plugins\PreviewWindows\PreviewWindows.vcxproj”(build 个目标)的操作。

生成成功。

已用时间 00:00:29.91
