生成启动时间为 2014/3/18 10:18:22。
     1>项目“F:\project\cms-git-work\src\functionlibs\DeviceClient\DeviceClient.vcxproj”在节点 3 上(build 个目标)。
     1>InitializeBuildStatus:
         正在创建“F:\project\cms-git-work\vs project\Win32\DeviceClient\Debug\DeviceClient.unsuccessfulbuild”，因为已指定“AlwaysCreate”。
       CustomBuild:
         Moc'ing deviceclient.h...
         Moc'ing BufferManager.h...
       ClCompile:
         C:\Program Files (x86)\Microsoft Visual Studio 10.0\VC\bin\CL.exe /c /I.\GeneratedFiles /I. /IC:\Qt\4.8.5\include /I.\GeneratedFiles\Debug /IC:\Qt\4.8.5\include\QtCore /IC:\Qt\4.8.5\include\QtGui /IC:\Qt\4.8.5\include\QtXml /IC:\Qt\4.8.5\include\QtNetwork /IC:\Qt\4.8.5\include\QtWebKit /IC:\Qt\4.8.5\include\QtTest /I"F:\project\cms-git-work\vs project\..\include\\" /Zi /nologo /W3 /WX- /Od /Oy- /D UNICODE /D WIN32 /D QT_DLL /D QT_CORE_LIB /D QT_GUI_LIB /D QT_XML_LIB /D QT_NETWORK_LIB /D QT_WEBKIT_LIB /D DEVICECLIENT_LIB /D _WINDLL /Gm- /EHsc /MDd /GS /fp:precise /Zc:wchar_t- /Zc:forScope /Fo"F:\project\cms-git-work\vs project\Win32\DeviceClient\Debug\\" /Fd"F:\project\cms-git-work\vs project\Win32\DeviceClient\Debug\vc100.pdb" /Gd /TP /analyze- /errorReport:prompt BufferManager.cpp GeneratedFiles\Debug\moc_BufferManager.cpp GeneratedFiles\Debug\moc_PlayManager.cpp GeneratedFiles\Debug\moc_deviceclient.cpp GlobalSettings.cpp PlayManager.cpp deviceclient.cpp dllmain.cpp
         BufferManager.cpp
         moc_BufferManager.cpp
         moc_PlayManager.cpp
         moc_deviceclient.cpp
         GlobalSettings.cpp
         PlayManager.cpp
         deviceclient.cpp
     1>deviceclient.cpp(690): warning C4554: “&”: 检查运算符优先级可能存在的错误；使用圆括号阐明优先级
         dllmain.cpp
         正在生成代码...
       Link:
         C:\Program Files (x86)\Microsoft Visual Studio 10.0\VC\bin\link.exe /ERRORREPORT:PROMPT /OUT:"F:\project\cms-git-work\vs project\..\libs\\DeviceClient.dll" /NOLOGO /LIBPATH:C:\Qt\4.8.5\lib qtmaind.lib QtCored4.lib QtGuid4.lib QtXmld4.lib QtNetworkd4.lib QtWebKitd4.lib QtTestd4.lib "F:\project\cms-git-work\vs project\..\libs\libpcom.lib" netlib.lib kernel32.lib user32.lib gdi32.lib winspool.lib comdlg32.lib advapi32.lib shell32.lib ole32.lib oleaut32.lib uuid.lib odbc32.lib odbccp32.lib /DEF:"deviceclient.def" /MANIFEST /ManifestFile:"F:\project\cms-git-work\vs project\Win32\DeviceClient\Debug\DeviceClient.dll.intermediate.manifest" /MANIFESTUAC:"level='asInvoker' uiAccess='false'" /DEBUG /PDB:"F:\project\cms-git-work\libs\DeviceClient.pdb" /SUBSYSTEM:WINDOWS /TLBID:1 /DYNAMICBASE /NXCOMPAT /IMPLIB:"F:\project\cms-git-work\vs project\..\libs\DeviceClient.lib" /MACHINE:X86 /DLL "F:\project\cms-git-work\vs project\Win32\DeviceClient\Debug\guid.obj"
         "F:\project\cms-git-work\vs project\Win32\DeviceClient\Debug\avilib.obj"
         "F:\project\cms-git-work\vs project\Win32\DeviceClient\Debug\BufferManager.obj"
         "F:\project\cms-git-work\vs project\Win32\DeviceClient\Debug\deviceclient.obj"
         "F:\project\cms-git-work\vs project\Win32\DeviceClient\Debug\dllmain.obj"
         "F:\project\cms-git-work\vs project\Win32\DeviceClient\Debug\moc_BufferManager.obj"
         "F:\project\cms-git-work\vs project\Win32\DeviceClient\Debug\moc_deviceclient.obj"
         "F:\project\cms-git-work\vs project\Win32\DeviceClient\Debug\moc_PlayManager.obj"
         "F:\project\cms-git-work\vs project\Win32\DeviceClient\Debug\GlobalSettings.obj"
         "F:\project\cms-git-work\vs project\Win32\DeviceClient\Debug\PlayManager.obj"
         "F:\project\cms-git-work\vs project\Win32\DeviceClient\Debug\RemoteBackup.obj"
         netlib.lib(netlib.obj) : 找到 MSIL .netmodule 或使用 /GL 编译的模块；正在使用 /LTCG 重新启动链接；将 /LTCG 添加到链接命令行以改进链接器性能
            正在创建库 F:\project\cms-git-work\vs project\..\libs\DeviceClient.lib 和对象 F:\project\cms-git-work\vs project\..\libs\DeviceClient.exp
     1>LINK : warning LNK4098: 默认库“LIBCMT”与其他库的使用冲突；请使用 /NODEFAULTLIB:library
         正在生成代码
         已完成代码的生成
     1>netlib.lib(netlib.obj) : warning LNK4099: 未找到 PDB“vc100.pdb”(使用“netlib.lib(netlib.obj)”或在“F:\project\cms-git-work\libs\vc100.pdb”中寻找)；正在链接对象，如同没有调试信息一样
         DeviceClient.vcxproj -> F:\project\cms-git-work\vs project\..\libs\DeviceClient.dll
       Manifest:
         C:\Program Files (x86)\Microsoft SDKs\Windows\v7.0A\bin\mt.exe /nologo /verbose /outputresource:"F:\project\cms-git-work\vs project\..\libs\\DeviceClient.dll;#2" /manifest "F:\project\cms-git-work\vs project\Win32\DeviceClient\Debug\DeviceClient.dll.intermediate.manifest"
       PostBuildEvent:
         copy  "F:\project\cms-git-work\vs project\..\libs\DeviceClient.dll" "F:\project\cms-git-work\vs project\..\output\Debug\"
         :VCEnd
         已复制         1 个文件。
       FinalizeBuildStatus:
         正在删除文件“F:\project\cms-git-work\vs project\Win32\DeviceClient\Debug\DeviceClient.unsuccessfulbuild”。
         正在对“F:\project\cms-git-work\vs project\Win32\DeviceClient\Debug\DeviceClient.lastbuildstate”执行 Touch 任务。
     1>已完成生成项目“F:\project\cms-git-work\src\functionlibs\DeviceClient\DeviceClient.vcxproj”(build 个目标)的操作。

生成成功。

已用时间 00:00:13.18
