生成启动时间为 2014/3/18 9:13:11。
     1>项目“F:\project\cms-git-work\src\functionlibs\DdrawRender\DdrawRender.vcxproj”在节点 2 上(build 个目标)。
     1>InitializeBuildStatus:
         正在创建“F:\project\cms-git-work\vs project\Win32\DdrawRender\Debug\DdrawRender.unsuccessfulbuild”，因为已指定“AlwaysCreate”。
       ClCompile:
         C:\Program Files (x86)\Microsoft Visual Studio 10.0\VC\bin\CL.exe /c /I.\GeneratedFiles /I. /IC:\Qt\4.8.5\include /I.\GeneratedFiles\Debug /IC:\Qt\4.8.5\include\QtCore /IC:\Qt\4.8.5\include\QtGui /I"F:\project\cms-git-work\vs project\..\include\\" /Zi /nologo /W1 /WX- /Od /Oy- /D UNICODE /D WIN32 /D QT_DLL /D QT_CORE_LIB /D QT_GUI_LIB /D DDRAWRENDER_LIB /D _WINDLL /Gm- /EHsc /MDd /GS /fp:precise /Zc:wchar_t- /Zc:forScope /Fo"F:\project\cms-git-work\vs project\Win32\DdrawRender\Debug\\" /Fd"F:\project\cms-git-work\vs project\Win32\DdrawRender\Debug\vc100.pdb" /Gd /TP /analyze- /errorReport:prompt ..\..\common\guid.cpp ddrawrender.cpp dllmain.cpp
         guid.cpp
         ddrawrender.cpp
         dllmain.cpp
         正在生成代码...
       Link:
         C:\Program Files (x86)\Microsoft Visual Studio 10.0\VC\bin\link.exe /ERRORREPORT:PROMPT /OUT:"F:\project\cms-git-work\vs project\..\libs\\DdrawRender.dll" /NOLOGO /LIBPATH:C:\Qt\4.8.5\lib qtmaind.lib QtCored4.lib QtGuid4.lib "F:\project\cms-git-work\vs project\..\libs\libpcom.lib" kernel32.lib user32.lib gdi32.lib winspool.lib comdlg32.lib advapi32.lib shell32.lib ole32.lib oleaut32.lib uuid.lib odbc32.lib odbccp32.lib /DEF:"DDrawRender.def" /MANIFEST /ManifestFile:"F:\project\cms-git-work\vs project\Win32\DdrawRender\Debug\DdrawRender.dll.intermediate.manifest" /MANIFESTUAC:"level='asInvoker' uiAccess='false'" /DEBUG /PDB:"F:\project\cms-git-work\libs\DdrawRender.pdb" /SUBSYSTEM:WINDOWS /TLBID:1 /DYNAMICBASE /NXCOMPAT /IMPLIB:"F:\project\cms-git-work\vs project\..\libs\DdrawRender.lib" /MACHINE:X86 /DLL "F:\project\cms-git-work\vs project\Win32\DdrawRender\Debug\guid.obj"
         "F:\project\cms-git-work\vs project\Win32\DdrawRender\Debug\ddrawrender.obj"
         "F:\project\cms-git-work\vs project\Win32\DdrawRender\Debug\dllmain.obj"
         LINK : 没有找到 F:\project\cms-git-work\vs project\..\libs\\DdrawRender.dll 或上一个增量链接没有生成它；正在执行完全链接
            正在创建库 F:\project\cms-git-work\vs project\..\libs\DdrawRender.lib 和对象 F:\project\cms-git-work\vs project\..\libs\DdrawRender.exp
     1>DdrawRender.exp : warning LNK4070: .EXP 中的 /OUT:SDLRender.dll 指令与输出文件名“F:\project\cms-git-work\vs project\..\libs\\DdrawRender.dll”不同；忽略指令
         DdrawRender.vcxproj -> F:\project\cms-git-work\vs project\..\libs\DdrawRender.dll
       Manifest:
         C:\Program Files (x86)\Microsoft SDKs\Windows\v7.0A\bin\mt.exe /nologo /verbose /outputresource:"F:\project\cms-git-work\vs project\..\libs\\DdrawRender.dll;#2" /manifest "F:\project\cms-git-work\vs project\Win32\DdrawRender\Debug\DdrawRender.dll.intermediate.manifest"
       PostBuildEvent:
         copy  "F:\project\cms-git-work\vs project\..\libs\DdrawRender.dll" "F:\project\cms-git-work\vs project\..\output\Debug\"
         :VCEnd
         已复制         1 个文件。
       FinalizeBuildStatus:
         正在删除文件“F:\project\cms-git-work\vs project\Win32\DdrawRender\Debug\DdrawRender.unsuccessfulbuild”。
         正在对“F:\project\cms-git-work\vs project\Win32\DdrawRender\Debug\DdrawRender.lastbuildstate”执行 Touch 任务。
     1>已完成生成项目“F:\project\cms-git-work\src\functionlibs\DdrawRender\DdrawRender.vcxproj”(build 个目标)的操作。

生成成功。

已用时间 00:00:07.01
